<?xml version="1.0" encoding="UTF-8"?>
<!-- Generated by org.testng.reporters.JUnitReportReporter -->
<testsuite hostname="CPX-X4CQQ6UUL0Y" failures="0" tests="1" name="TCs.CreateUser" time="22.956" errors="0" timestamp="29 sty 2019 13:33:10 GMT" skipped="0">
  <testcase classname="TCs.CreateUser" name="CreateAccount" time="22.956"/>
</testsuite> <!-- TCs.CreateUser -->
