<?xml version="1.0" encoding="UTF-8"?>
<!-- Generated by org.testng.reporters.JUnitReportReporter -->
<testsuite hostname="LAPTOP-63TULI6B" failures="0" tests="1" name="TCs.CreateUser" time="10.938" errors="0" timestamp="29 sty 2019 19:07:44 GMT" skipped="0">
  <testcase classname="TCs.CreateUser" name="CreateAccount" time="10.938"/>
</testsuite> <!-- TCs.CreateUser -->
